1523400390503	geckodriver	INFO	geckodriver 0.19.1
1523400390514	geckodriver	INFO	Listening on 127.0.0.1:49218
1523400392633	mozrunner::runner	INFO	Running command: "C:\\Program Files\\Firefox Developer Edition\\firefox.exe" "-marionette" "-profile" "C:\\Users\\THUNDE~1\\AppData\\Local\\Temp\\rust_mozprofile.9Dzjb0GSWdKJ"
Unable to read VR Path Registry from C:\Users\ThunderBear\AppData\Local\openvr\openvrpaths.vrpath
Unable to read VR Path Registry from C:\Users\ThunderBear\AppData\Local\openvr\openvrpaths.vrpath
Unable to read VR Path Registry from C:\Users\ThunderBear\AppData\Local\openvr\openvrpaths.vrpath
Unable to read VR Path Registry from C:\Users\ThunderBear\AppData\Local\openvr\openvrpaths.vrpath
Unable to read VR Path Registry from C:\Users\ThunderBear\AppData\Local\openvr\openvrpaths.vrpath
1523400395985	Marionette	INFO	Listening on port 49226
1523400396276	Marionette	WARN	TLS certificate errors will be ignored for this session
[Parent 13144, Gecko_IOThread] WARNING: pipe error: 109: file z:/build/build/src/ipc/chromium/src/chrome/common/ipc_channel_win.cc, line 346
[Parent 13144, Gecko_IOThread] WARNING: pipe error: 109: file z:/build/build/src/ipc/chromium/src/chrome/common/ipc_channel_win.cc, line 346
[Child 6048, Chrome_ChildThread] WARNING: pipe error: 109: file z:/build/build/src/ipc/chromium/src/chrome/common/ipc_channel_win.cc, line 346
[Child 6048, Chrome_ChildThread] WARNING: pipe error: 109: file z:/build/build/src/ipc/chromium/src/chrome/[Child 8700, Chrome_ChildThread] WARNING: pipe error: 109: file z:/build/build/src/ipc/chromium/src/chrome/common/ipc_channel_win.cc, line 346
[Child 8700, Chrome_ChildThread] WARNING: pipe error: 109: file z:/build/build/src/ipc/chromium/src/chrome/common/ipc_channel_win.cc, line 346
[Parent 13144, Gecko_IOThread] WARNING: pipe error: 109: file z:/build/build/src/ipc/chromium/src/chrome/common/ipc_channel_win.cc, line 346

###!!! [Child][MessageChannel::SendAndWait] Error: Channel error: cannot send/recv

 127.0.0.1:49482
1523400559678	mozrunner::runner	INFO	Running command: "C:\\Program Files\\Firefox Developer Edition\\firefox.exe" "-marionette" "-profile" "C:\\Users\\THUNDE~1\\AppData\\Local\\Temp\\rust_mozprofile.Qpc4aFxiNU3u"
Unable to read VR Path Registry from C:\Users\ThunderBear\AppData\Local\openvr\openvrpaths.vrpath
Unable to read VR Path Registry from C:\Users\ThunderBear\AppData\Local\openvr\openvrpaths.vrpath
Unable to read VR Path Registry from C:\Users\ThunderBear\AppData\Local\openvr\openvrpaths.vrpath
Unable to read VR Path Registry from C:\Users\ThunderBear\AppData\Local\openvr\openvrpaths.vrpath
1523400561968	Marionette	INFO	Listening on port 49490
Unable to read VR Path Registry from C:\Users\ThunderBear\AppData\Local\openvr\openvrpaths.vrpath
1523400562799	Marionette	WARN	TLS certificate errors will be ignored for this session
[Parent 748, Gecko_IOThread] WARNING: pipe error: 109: file z:/build/build/src/ipc/chromium/src/chrome/common/ipc_channel_win.cc, line 346
[Parent 748, Gecko_IOThread] WARNING: pipe error: 109: file z:/build/build/src/ipc/chromium/src/chrome/common/ipc_channel_win.cc, line 346
[Child 12180, Chrome_ChildThread] WARNING: pipe error: 109: file z:/build/build/src/ipc/chromium/src/chrome/common/ipc_channel_win.cc, line 346
[Child 12180, Chrome_ChildThread] WARNING: pipe err[Child 17988, Chrome_ChildThread] WARNING: pipe error: 109: file z:/build/build/src/ipc/chromium/src/chrome/common/ipc_channel_win.cc, line 346
[Child 17988, Chrome_ChildThread] WARNING: pipe error: 109: file z:/build/build/src/ipc/chromium/src/chrome/common/ipc_channel_win.cc, line 346
[Parent 748, Gecko_IOThread] WARNING: pipe error: 109: file z:/build/build/src/ipc/chromium/src/chrome/common/ipc_channel_win.cc, line 346
[Child 13072, Chrome_ChildThread] WARNING: pipe error: 109: file z:/build/build/src/ipc/chromium/src/chrome/common/ipc_channel_win.cc, line 346
[Child 13072, Chrome_ChildThread] WARNING: pipe error: 109: file z:/build/build/src/ipc/chromium/src/chrome/common/ipc_
###!!! [Child][MessageChannel::SendAndWait] Error: Channel error: cannot send/recv

1523401613406	geckodriver	INFO	geckodriver 0.19.1
1523401613414	geckodriver	INFO	Listening on 127.0.0.1:50317
1523401615500	mozrunner::runner	INFO	Running command: "C:\\Program Files\\Firefox Developer Edition\\firefox.exe" "-marionette" "-profile" "C:\\Users\\THUNDE~1\\AppData\\Local\\Temp\\rust_mozprofile.jcXKSEOT8FhY"
Unable to read VR Path Registry from C:\Users\ThunderBear\AppData\Local\openvr\openvrpaths.vrpath
Unable to read VR Path Registry from C:\Users\ThunderBear\AppData\Local\openvr\openvrpaths.vrpath
Unable to read VR Path Registry from C:\Users\ThunderBear\AppData\Local\openvr\openvrpaths.vrpath
Unable to read VR Path Registry from C:\Users\ThunderBear\AppData\Local\openvr\openvrpaths.vrpath
Unable to read VR Path Registry from C:\Users\ThunderBear\AppData\Local\openvr\openvrpaths.vrpath
1523401618474	Marionette	INFO	Listening on port 50325
1523401618632	Marionette	WARN	TLS certificate errors will be ignored for this session
[Parent 3576, Gecko_IOThread] WARNING: pipe error: 109: file z:/build/build/src/ipc/chromium/src/chrome/common/ipc_channel_win.cc, line 346
[Parent 3576, Gecko_IOThread] WARNING: pipe error: 109: file z:/build/build/src/ipc/chromium/src/chrome/common/ipc_channel_win.cc, line 346
[Child 16640, Chrome_ChildThread] WARNING: pipe error: 109: file z:/build/build/src/ipc/chromium/src/chrome/common/ipc_channel_win.cc, line 346
[Child 16640, Chrome_ChildThread] WAR[Parent 3576, Gecko_IOThread] WARNING: pipe error: 109: file z:/build/build/src/ipc/chromium/src/chrome/common/ipc_channel_win.cc, line 346
[Child 2920, Chrome_ChildThread] WARNING: pipe error: 109: file z:/build/build/src/ipc/chromium/src/chrome/common/ipc_channel_win.cc, line 346
[Child 2920, Chrome_ChildThread] W*** UTM:SVC TimerManager:registerTimer called after profile-before-change notification. Ignoring timer registration for id: telemetry_modules_ping

###!!! [Child][MessageChannel::SendAndWait] Error: Channel error: cannot send/recv

e z:/build/build/src/ipc/chromium/src/chrome/common/ipc_channel_win.cc, line 346
[Parent 1148, Gecko_IOThread] WARNING: pipe error: 109: file z:/build/build/src/ipc/chromium/src/chrome/common/ipc_channel_win.cc, line 346
[Child 14352, Chrome_ChildThread] WARNING: pipe error: 109: file z:/build/build/src/ipc/chromium/src/chrome/common/ipc_channel_win.cc, line 346
[Child 14352, Chrome_ChildThread] WARNING: pipe error: 109: file z:/build/build/src/ipc/chromium/src/chrome/common/ipc_channel_win.cc, line 346
*** UTM:SVC TimerManager:registerTimer called after profile-before-change notification. Ignoring timer registration for id: telemetry_modules_ping

###!!! [Child][MessageChannel::SendAndWait] Error: Channel error: cannot send/recv

1523470134378	geckodriver	INFO	geckodriver 0.19.1
1523470134391	geckodriver	INFO	Listening on 127.0.0.1:28174
1523470136507	mozrunner::runner	INFO	Running command: "C:\\Program Files\\Firefox Developer Edition\\firefox.exe" "-marionette" "-profile" "C:\\Users\\THUNDE~1\\AppData\\Local\\Temp\\rust_mozprofile.T4IEpQBVJwm5"
Unable to read VR Path Registry from C:\Users\ThunderBear\AppData\Local\openvr\openvrpaths.vrpath
Unable to read VR Path Registry from C:\Users\ThunderBear\AppData\Local\openvr\openvrpaths.vrpath
Unable to read VR Path Registry from C:\Users\ThunderBear\AppData\Local\openvr\openvrpaths.vrpath
Unable to read VR Path Registry from C:\Users\ThunderBear\AppData\Local\openvr\openvrpaths.vrpath
Unable to read VR Path Registry from C:\Users\ThunderBear\AppData\Local\openvr\openvrpaths.vrpath
1523470139607	Marionette	INFO	Listening on port 28182
1523470139689	Marionette	WARN	TLS certificate errors will be ignored for this session
[Parent 6220, Gecko_IOThread] WARNING: pipe error: 109: file z:/build/build/src/ipc/chromium/src/chrome/common/ipc_channel_win.cc, line 346
[Child 4528, Chrome_ChildThread] WARNING: pipe error: 109: file z:/build/build/src/ipc/chromium/src/chrome/common/ipc_channel_win.cc, line 346
[Child 4528, Chrome_ChildThread] WARNING: pipe error: 109: file z:/build/build/src/ipc/chromium/src/chrome/common/ipc_channel_win.cc, line 346
[Parent 6220, Gecko_IOThread] WARNING: pipe error: 109: file z:/build/build/src/ipc/chromium/src/chrome/common/ipc_channel_win.cc, line 346
[Parent 6220, Gecko_IOThread] WARNING: pipe error: 109: file z:/build/build/src/ipc/chromium/src/chrome/common/ipc_channel_win.cc, line 346

###!!! [Child][MessageChannel::SendAndWait] Error: Channel error: cannot send/recv

penvrpaths.vrpath
1523471144421	Marionette	INFO	Listening on port 29061
1523471145335	Marionette	WARN	TLS certificate errors will be ignored for this session
[Parent 12040, Gecko_IOThread] WARNING: pipe error: 109: file z:/build/build/src/ipc/chromium/src/chrome/common/ipc_channel_win.cc, line 346
[Parent 12040, Gecko_IOThread] WARNING: pipe error: 109: file z:/build/build/src/ipc/chromium/src/chrome/common/ipc_channel_win.cc, line 346
[Child 15100, Chrome_ChildThread] WARNING: pipe error: 109: file z:/build/build/src/ipc/chromium/src/chrome/common/ipc_channel_win.cc, line 346
[Child 15100, Chrome_ChildThread] WARNING: pipe error: 109: file z:/build/build/src/ipc/chromium/src/chrome/common/ipc_channel_win.cc, line 346
[Child 6052, Chrome_ChildThread] WARNING: pipe error: 109: file z:/build/build/src/ipc/chromium/src/chrome/common/ipc_channel_win.cc, line 346
[Child 6052, Chrome_ChildThread] WARNING: pipe error: 109: file z:/build/build/src/ipc/chromium/src/chrome/common/ipc_channel_win.cc, line 346
[Parent 12040, Gecko_IOThread] WARNING: pipe error: 109: file z:/build/build/src/ipc/chromium/src/chrome/common/ipc_channel_win.cc, line 346

###!!! [Child][MessageChannel::SendAndWait] Error: Channel error: cannot send/recv

ine 346
[Child 6808, Chrome_ChildThread] WARNING: pipe error: 109: file z:/build/build/src/ipc/chromium/src/chrome/common/ipc_channel_win.cc, line 346
[Child 6808, Chrome_ChildThread] WARNING: pipe error: 109: file z:/build/build/src/ipc/chromium/src/chrome/common/ipc_channel_win.cc, line 346
[Child 9536, Chrome_ChildThread] WARNING: pipe error: 109: file z:/build/build/src/ipc/chromium/src/chrome/common/ipc_channel_win.cc, line 346

###!!! [Child][MessageChannel::SendAndWait] Error: Channel error: cannot send/recv

sers\ThunderBear\AppData\Local\openvr\openvrpaths.vrpath
Unable to read VR Path Registry from C:\Users\ThunderBear\AppData\Local\openvr\openvrpaths.vrpath
1523471427716	Marionette	INFO	Listening on port 29339
1523471428670	Marionette	WARN	TLS certificate errors will be ignored for this session
[Child 15072, Chrome_ChildThread] WARNING: pipe error: 109: file z:/build/build/src/ipc/chromium/src/chrome/common/ipc_channel_win.cc, line 346
[Child 15072, Chrome_ChildThread] WARNING: pipe erro[Child 10740, Chrome_ChildThread] WARNING: pipe error: 109: file z:/build/build/src/ipc/chromium/src/chrome/common/ipc_channel_win.cc, line 346
[Child 10740, Chrome_ChildThread] WARNING: pipe error: 109: file z:/build/build/src/ipc/chromium/src/chrome/common/ipc_channel_win.cc, line 346
[Parent 9308, Gecko_IOThread] WARNING: pipe error: 109: file z:/build/build/src/ipc/chromium/src/chrome/common/ipc_channel_win.cc, line 346
[Child 9596, Chrome_ChildThread] WARNING: pipe error: 109: file z:/build/build/src/ipc/chromium/src/chrome/common/ipc_channel_win.cc, line 346

###!!! [Child][MessageChannel::SendAndWait] Error: Channel error: cannot send/recv

1523471766239	geckodriver	INFO	geckodriver 0.19.1
1523471766247	geckodriver	INFO	Listening on 127.0.0.1:29593
1523471768321	mozrunner::runner	INFO	Running command: "C:\\Program Files\\Firefox Developer Edition\\firefox.exe" "-marionette" "-profile" "C:\\Users\\THUNDE~1\\AppData\\Local\\Temp\\rust_mozprofile.g6f3ocLdXAxY"
Unable to read VR Path Registry from C:\Users\ThunderBear\AppData\Local\openvr\openvrpaths.vrpath
Unable to read VR Path Registry from C:\Users\ThunderBear\AppData\Local\openvr\openvrpaths.vrpath
Unable to read VR Path Registry from C:\Users\ThunderBear\AppData\Local\openvr\openvrpaths.vrpath
Unable to read VR Path Registry from C:\Users\ThunderBear\AppData\Local\openvr\openvrpaths.vrpath
Unable to read VR Path Registry from C:\Users\ThunderBear\AppData\Local\openvr\openvrpaths.vrpath
1523471770640	Marionette	INFO	Listening on port 29600
1523471771441	Marionette	WARN	TLS certificate errors will be ignored for this session
[Parent 14532, Gecko_IOThread] WARNING: pipe error: 109: file z:/build/build/src/ipc/chromium/src/chrome/common/ipc_channel_win.cc, line 346
[Child 2896, Chrome_ChildThread] WARNING: pipe error: 109: file z:/build/build/src/ipc/chromium/src/chrome/common/ipc_channel_win.cc, line 346
[Child 2896, Chrome_ChildThread] WA[Child 6760, Chrome_ChildThread] WARNING: pipe error: 109: file z:/build/build/src/ipc/chromium/src/chrome/common/ipc_channel_win.cc, line 346
[Child 6760, Chrome_C[Parent 14532, Gecko_IOThread] WARNING: pipe error: 109: file z:/build/build/src/ipc/chromium/src/chrome/common/ipc_channel_win.cc, line 346
[Child 11592, Chrome_ChildThread] WARNING: pipe error: 109: file z:/build/build/src/ipc/chromium/src/chrome/common/ipc_channel_win.cc, line 346
[Child 11592, Chrome_ChildThread] WARNING: pipe error: 109: file z:/build/build/src/ipc/chromium/src/chrome/common/ipc_channel_win.cc, line 346

###!!! [Child][MessageChannel::SendAndWait] Error: Channel error: cannot send/recv

1523472698333	geckodriver	INFO	geckodriver 0.19.1
1523472698341	geckodriver	INFO	Listening on 127.0.0.1:30425
1523472700412	mozrunner::runner	INFO	Running command: "C:\\Program Files\\Firefox Developer Edition\\firefox.exe" "-marionette" "-profile" "C:\\Users\\THUNDE~1\\AppData\\Local\\Temp\\rust_mozprofile.gqACCDMM5QqB"
Unable to read VR Path Registry from C:\Users\ThunderBear\AppData\Local\openvr\openvrpaths.vrpath
Unable to read VR Path Registry from C:\Users\ThunderBear\AppData\Local\openvr\openvrpaths.vrpath
Unable to read VR Path Registry from C:\Users\ThunderBear\AppData\Local\openvr\openvrpaths.vrpath
Unable to read VR Path Registry from C:\Users\ThunderBear\AppData\Local\openvr\openvrpaths.vrpath
Unable to read VR Path Registry from C:\Users\ThunderBear\AppData\Local\openvr\openvrpaths.vrpath
1523472702589	Marionette	INFO	Listening on port 30431
1523472703526	Marionette	WARN	TLS certificate errors will be ignored for this session
1523473026043	geckodriver	INFO	geckodriver 0.19.1
1523473026050	geckodriver	INFO	Listening on 127.0.0.1:30685
1523473028135	mozrunner::runner	INFO	Running command: "C:\\Program Files\\Firefox Developer Edition\\firefox.exe" "-marionette" "-profile" "C:\\Users\\THUNDE~1\\AppData\\Local\\Temp\\rust_mozprofile.a3VTB4ZsAG5F"
Unable to read VR Path Registry from C:\Users\ThunderBear\AppData\Local\openvr\openvrpaths.vrpath
Unable to read VR Path Registry from C:\Users\ThunderBear\AppData\Local\openvr\openvrpaths.vrpath
Unable to read VR Path Registry from C:\Users\ThunderBear\AppData\Local\openvr\openvrpaths.vrpath
Unable to read VR Path Registry from C:\Users\ThunderBear\AppData\Local\openvr\openvrpaths.vrpath
Unable to read VR Path Registry from C:\Users\ThunderBear\AppData\Local\openvr\openvrpaths.vrpath
1523473030403	Marionette	INFO	Listening on port 30693
1523473031257	Marionette	WARN	TLS certificate errors will be ignored for this session
1523473079670	geckodriver	INFO	geckodriver 0.19.1
1523473079679	geckodriver	INFO	Listening on 127.0.0.1:30781
1523473081750	mozrunner::runner	INFO	Running command: "C:\\Program Files\\Firefox Developer Edition\\firefox.exe" "-marionette" "-profile" "C:\\Users\\THUNDE~1\\AppData\\Local\\Temp\\rust_mozprofile.wAmHBD0WX5BF"
Unable to read VR Path Registry from C:\Users\ThunderBear\AppData\Local\openvr\openvrpaths.vrpath
Unable to read VR Path Registry from C:\Users\ThunderBear\AppData\Local\openvr\openvrpaths.vrpath
Unable to read VR Path Registry from C:\Users\ThunderBear\AppData\Local\openvr\openvrpaths.vrpath
Unable to read VR Path Registry from C:\Users\ThunderBear\AppData\Local\openvr\openvrpaths.vrpath
Unable to read VR Path Registry from C:\Users\ThunderBear\AppData\Local\openvr\openvrpaths.vrpath
1523473083925	Marionette	INFO	Listening on port 30789
1523473084867	Marionette	WARN	TLS certificate errors will be ignored for this session
